mode: set
github.com/TykTechnologies/midsommar/v2/grpc/control_server.go:88.64,91.21 2 1
github.com/TykTechnologies/midsommar/v2/grpc/control_server.go:91.21,93.3 1 1
github.com/TykTechnologies/midsommar/v2/grpc/control_server.go:96.2,97.25 2 1
github.com/TykTechnologies/midsommar/v2/grpc/control_server.go:97.25,100.3 1 0
github.com/TykTechnologies/midsommar/v2/grpc/control_server.go:101.2,101.30 1 1
github.com/TykTechnologies/midsommar/v2/grpc/control_server.go:101.30,106.3 1 0
github.com/TykTechnologies/midsommar/v2/grpc/control_server.go:107.2,107.45 1 1
github.com/TykTechnologies/midsommar/v2/grpc/control_server.go:107.45,110.3 1 0
github.com/TykTechnologies/midsommar/v2/grpc/control_server.go:112.2,129.15 7 1
github.com/TykTechnologies/midsommar/v2/grpc/control_server.go:133.39,137.16 3 0
github.com/TykTechnologies/midsommar/v2/grpc/control_server.go:137.16,139.3 1 0
github.com/TykTechnologies/midsommar/v2/grpc/control_server.go:142.2,145.25 2 0
github.com/TykTechnologies/midsommar/v2/grpc/control_server.go:145.25,150.17 2 0
github.com/TykTechnologies/midsommar/v2/grpc/control_server.go:150.17,152.4 1 0
github.com/TykTechnologies/midsommar/v2/grpc/control_server.go:153.3,153.41 1 0
github.com/TykTechnologies/midsommar/v2/grpc/control_server.go:157.2,167.53 6 0
github.com/TykTechnologies/midsommar/v2/grpc/control_server.go:167.53,169.3 1 0
github.com/TykTechnologies/midsommar/v2/grpc/control_server.go:171.2,171.12 1 0
github.com/TykTechnologies/midsommar/v2/grpc/control_server.go:175.32,179.28 2 0
github.com/TykTechnologies/midsommar/v2/grpc/control_server.go:179.28,181.3 1 0
github.com/TykTechnologies/midsommar/v2/grpc/control_server.go:183.2,183.25 1 0
github.com/TykTechnologies/midsommar/v2/grpc/control_server.go:183.25,185.3 1 0
github.com/TykTechnologies/midsommar/v2/grpc/control_server.go:188.2,189.41 2 0
github.com/TykTechnologies/midsommar/v2/grpc/control_server.go:189.41,190.25 1 0
github.com/TykTechnologies/midsommar/v2/grpc/control_server.go:190.25,201.4 1 0
github.com/TykTechnologies/midsommar/v2/grpc/control_server.go:203.2,203.22 1 0
github.com/TykTechnologies/midsommar/v2/grpc/control_server.go:207.130,220.49 5 0
github.com/TykTechnologies/midsommar/v2/grpc/control_server.go:220.49,222.3 1 0
github.com/TykTechnologies/midsommar/v2/grpc/control_server.go:224.2,224.35 1 0
github.com/TykTechnologies/midsommar/v2/grpc/control_server.go:224.35,236.26 2 0
github.com/TykTechnologies/midsommar/v2/grpc/control_server.go:236.26,238.35 2 0
github.com/TykTechnologies/midsommar/v2/grpc/control_server.go:238.35,240.5 1 0
github.com/TykTechnologies/midsommar/v2/grpc/control_server.go:241.4,241.36 1 0
github.com/TykTechnologies/midsommar/v2/grpc/control_server.go:244.3,244.51 1 0
github.com/TykTechnologies/midsommar/v2/grpc/control_server.go:244.51,246.4 1 0
github.com/TykTechnologies/midsommar/v2/grpc/control_server.go:247.8,254.26 5 0
github.com/TykTechnologies/midsommar/v2/grpc/control_server.go:254.26,256.35 2 0
github.com/TykTechnologies/midsommar/v2/grpc/control_server.go:256.35,258.5 1 0
github.com/TykTechnologies/midsommar/v2/grpc/control_server.go:259.4,259.36 1 0
github.com/TykTechnologies/midsommar/v2/grpc/control_server.go:262.3,262.51 1 0
github.com/TykTechnologies/midsommar/v2/grpc/control_server.go:262.51,264.4 1 0
github.com/TykTechnologies/midsommar/v2/grpc/control_server.go:268.2,269.16 2 0
github.com/TykTechnologies/midsommar/v2/grpc/control_server.go:269.16,276.3 2 0
github.com/TykTechnologies/midsommar/v2/grpc/control_server.go:278.2,283.8 1 0
github.com/TykTechnologies/midsommar/v2/grpc/control_server.go:287.132,293.16 3 0
github.com/TykTechnologies/midsommar/v2/grpc/control_server.go:293.16,295.3 1 0
github.com/TykTechnologies/midsommar/v2/grpc/control_server.go:297.2,297.22 1 0
github.com/TykTechnologies/midsommar/v2/grpc/control_server.go:301.111,307.50 4 0
github.com/TykTechnologies/midsommar/v2/grpc/control_server.go:307.50,313.3 2 0
github.com/TykTechnologies/midsommar/v2/grpc/control_server.go:315.2,319.12 3 0
github.com/TykTechnologies/midsommar/v2/grpc/control_server.go:319.12,320.7 1 0
github.com/TykTechnologies/midsommar/v2/grpc/control_server.go:320.7,322.18 2 0
github.com/TykTechnologies/midsommar/v2/grpc/control_server.go:322.18,324.10 2 0
github.com/TykTechnologies/midsommar/v2/grpc/control_server.go:327.4,327.35 1 0
github.com/TykTechnologies/midsommar/v2/grpc/control_server.go:328.38,330.30 1 0
github.com/TykTechnologies/midsommar/v2/grpc/control_server.go:330.30,355.6 7 0
github.com/TykTechnologies/midsommar/v2/grpc/control_server.go:357.35,359.30 1 0
github.com/TykTechnologies/midsommar/v2/grpc/control_server.go:359.30,366.67 5 0
github.com/TykTechnologies/midsommar/v2/grpc/control_server.go:366.67,368.7 1 0
github.com/TykTechnologies/midsommar/v2/grpc/control_server.go:371.6,379.27 2 0
github.com/TykTechnologies/midsommar/v2/grpc/control_server.go:382.39,384.30 1 0
github.com/TykTechnologies/midsommar/v2/grpc/control_server.go:384.30,386.20 2 0
github.com/TykTechnologies/midsommar/v2/grpc/control_server.go:386.20,388.7 1 0
github.com/TykTechnologies/midsommar/v2/grpc/control_server.go:388.12,395.7 2 0
github.com/TykTechnologies/midsommar/v2/grpc/control_server.go:398.40,400.32 1 0
github.com/TykTechnologies/midsommar/v2/grpc/control_server.go:400.32,409.36 2 0
github.com/TykTechnologies/midsommar/v2/grpc/control_server.go:409.36,410.123 1 0
github.com/TykTechnologies/midsommar/v2/grpc/control_server.go:410.123,412.8 1 0
github.com/TykTechnologies/midsommar/v2/grpc/control_server.go:420.2,423.27 2 0
github.com/TykTechnologies/midsommar/v2/grpc/control_server.go:423.27,425.98 2 0
github.com/TykTechnologies/midsommar/v2/grpc/control_server.go:425.98,428.4 2 0
github.com/TykTechnologies/midsommar/v2/grpc/control_server.go:429.3,433.64 3 0
github.com/TykTechnologies/midsommar/v2/grpc/control_server.go:433.64,435.4 1 0
github.com/TykTechnologies/midsommar/v2/grpc/control_server.go:438.2,439.12 2 0
github.com/TykTechnologies/midsommar/v2/grpc/control_server.go:443.117,448.13 4 0
github.com/TykTechnologies/midsommar/v2/grpc/control_server.go:448.13,450.3 1 0
github.com/TykTechnologies/midsommar/v2/grpc/control_server.go:453.2,459.67 5 0
github.com/TykTechnologies/midsommar/v2/grpc/control_server.go:459.67,461.3 1 0
github.com/TykTechnologies/midsommar/v2/grpc/control_server.go:463.2,466.8 1 0
github.com/TykTechnologies/midsommar/v2/grpc/control_server.go:470.120,479.67 6 0
github.com/TykTechnologies/midsommar/v2/grpc/control_server.go:479.67,481.3 1 0
github.com/TykTechnologies/midsommar/v2/grpc/control_server.go:483.2,483.30 1 0
github.com/TykTechnologies/midsommar/v2/grpc/control_server.go:487.129,489.24 2 0
github.com/TykTechnologies/midsommar/v2/grpc/control_server.go:489.24,491.3 1 0
github.com/TykTechnologies/midsommar/v2/grpc/control_server.go:493.2,503.16 4 0
github.com/TykTechnologies/midsommar/v2/grpc/control_server.go:503.16,504.36 1 0
github.com/TykTechnologies/midsommar/v2/grpc/control_server.go:504.36,514.4 2 0
github.com/TykTechnologies/midsommar/v2/grpc/control_server.go:516.3,517.70 2 0
github.com/TykTechnologies/midsommar/v2/grpc/control_server.go:521.2,522.113 2 0
github.com/TykTechnologies/midsommar/v2/grpc/control_server.go:522.113,528.3 2 0
github.com/TykTechnologies/midsommar/v2/grpc/control_server.go:530.2,542.8 2 0
github.com/TykTechnologies/midsommar/v2/grpc/control_server.go:546.125,563.34 4 0
github.com/TykTechnologies/midsommar/v2/grpc/control_server.go:563.34,567.45 3 0
github.com/TykTechnologies/midsommar/v2/grpc/control_server.go:567.45,571.23 3 0
github.com/TykTechnologies/midsommar/v2/grpc/control_server.go:571.23,573.5 1 0
github.com/TykTechnologies/midsommar/v2/grpc/control_server.go:574.4,574.20 1 0
github.com/TykTechnologies/midsommar/v2/grpc/control_server.go:574.20,576.5 1 0
github.com/TykTechnologies/midsommar/v2/grpc/control_server.go:579.4,616.47 3 0
github.com/TykTechnologies/midsommar/v2/grpc/control_server.go:620.3,627.58 4 0
github.com/TykTechnologies/midsommar/v2/grpc/control_server.go:631.2,631.42 1 0
github.com/TykTechnologies/midsommar/v2/grpc/control_server.go:631.42,640.3 2 0
github.com/TykTechnologies/midsommar/v2/grpc/control_server.go:643.2,643.43 1 0
github.com/TykTechnologies/midsommar/v2/grpc/control_server.go:643.43,652.3 2 0
github.com/TykTechnologies/midsommar/v2/grpc/control_server.go:655.2,672.8 3 0
github.com/TykTechnologies/midsommar/v2/grpc/control_server.go:676.81,678.21 1 0
github.com/TykTechnologies/midsommar/v2/grpc/control_server.go:678.21,680.61 2 0
github.com/TykTechnologies/midsommar/v2/grpc/control_server.go:680.61,682.4 1 0
github.com/TykTechnologies/midsommar/v2/grpc/control_server.go:686.2,686.26 1 0
github.com/TykTechnologies/midsommar/v2/grpc/control_server.go:686.26,687.97 1 0
github.com/TykTechnologies/midsommar/v2/grpc/control_server.go:687.97,689.4 1 0
github.com/TykTechnologies/midsommar/v2/grpc/control_server.go:690.3,690.52 1 0
github.com/TykTechnologies/midsommar/v2/grpc/control_server.go:690.52,692.4 1 0
github.com/TykTechnologies/midsommar/v2/grpc/control_server.go:693.3,693.49 1 0
github.com/TykTechnologies/midsommar/v2/grpc/control_server.go:693.49,695.4 1 0
github.com/TykTechnologies/midsommar/v2/grpc/control_server.go:698.2,698.18 1 0
github.com/TykTechnologies/midsommar/v2/grpc/control_server.go:702.84,704.21 1 0
github.com/TykTechnologies/midsommar/v2/grpc/control_server.go:704.21,706.61 2 0
github.com/TykTechnologies/midsommar/v2/grpc/control_server.go:706.61,707.30 1 0
github.com/TykTechnologies/midsommar/v2/grpc/control_server.go:707.30,709.5 1 0
github.com/TykTechnologies/midsommar/v2/grpc/control_server.go:711.4,711.19 1 0
github.com/TykTechnologies/midsommar/v2/grpc/control_server.go:716.2,716.26 1 0
github.com/TykTechnologies/midsommar/v2/grpc/control_server.go:716.26,717.48 1 0
github.com/TykTechnologies/midsommar/v2/grpc/control_server.go:717.48,719.4 1 0
github.com/TykTechnologies/midsommar/v2/grpc/control_server.go:720.3,720.50 1 0
github.com/TykTechnologies/midsommar/v2/grpc/control_server.go:720.50,722.4 1 0
github.com/TykTechnologies/midsommar/v2/grpc/control_server.go:723.3,723.49 1 0
github.com/TykTechnologies/midsommar/v2/grpc/control_server.go:723.49,725.4 1 0
github.com/TykTechnologies/midsommar/v2/grpc/control_server.go:728.2,728.24 1 0
github.com/TykTechnologies/midsommar/v2/grpc/control_server.go:732.155,733.44 1 0
github.com/TykTechnologies/midsommar/v2/grpc/control_server.go:733.44,735.3 1 0
github.com/TykTechnologies/midsommar/v2/grpc/control_server.go:736.2,736.26 1 0
github.com/TykTechnologies/midsommar/v2/grpc/control_server.go:740.153,741.57 1 0
github.com/TykTechnologies/midsommar/v2/grpc/control_server.go:741.57,743.3 1 0
github.com/TykTechnologies/midsommar/v2/grpc/control_server.go:744.2,744.29 1 0
github.com/TykTechnologies/midsommar/v2/grpc/control_server.go:748.65,750.62 1 1
github.com/TykTechnologies/midsommar/v2/grpc/control_server.go:750.62,753.3 2 1
github.com/TykTechnologies/midsommar/v2/grpc/control_server.go:755.2,756.9 2 1
github.com/TykTechnologies/midsommar/v2/grpc/control_server.go:756.9,758.3 1 1
github.com/TykTechnologies/midsommar/v2/grpc/control_server.go:760.2,761.22 2 1
github.com/TykTechnologies/midsommar/v2/grpc/control_server.go:761.22,763.3 1 1
github.com/TykTechnologies/midsommar/v2/grpc/control_server.go:765.2,768.71 2 1
github.com/TykTechnologies/midsommar/v2/grpc/control_server.go:768.71,770.3 1 1
github.com/TykTechnologies/midsommar/v2/grpc/control_server.go:773.2,773.79 1 1
github.com/TykTechnologies/midsommar/v2/grpc/control_server.go:773.79,776.3 2 1
github.com/TykTechnologies/midsommar/v2/grpc/control_server.go:778.2,779.75 2 1
github.com/TykTechnologies/midsommar/v2/grpc/control_server.go:783.103,796.21 4 0
github.com/TykTechnologies/midsommar/v2/grpc/control_server.go:796.21,799.3 1 0
github.com/TykTechnologies/midsommar/v2/grpc/control_server.go:799.8,802.3 1 0
github.com/TykTechnologies/midsommar/v2/grpc/control_server.go:804.2,804.51 1 0
github.com/TykTechnologies/midsommar/v2/grpc/control_server.go:804.51,806.3 1 0
github.com/TykTechnologies/midsommar/v2/grpc/control_server.go:809.2,809.27 1 0
github.com/TykTechnologies/midsommar/v2/grpc/control_server.go:809.27,815.38 3 0
github.com/TykTechnologies/midsommar/v2/grpc/control_server.go:815.38,817.4 1 0
github.com/TykTechnologies/midsommar/v2/grpc/control_server.go:820.3,821.31 2 0
github.com/TykTechnologies/midsommar/v2/grpc/control_server.go:821.31,823.4 1 0
github.com/TykTechnologies/midsommar/v2/grpc/control_server.go:826.3,831.17 4 0
github.com/TykTechnologies/midsommar/v2/grpc/control_server.go:831.17,834.4 2 0
github.com/TykTechnologies/midsommar/v2/grpc/control_server.go:836.3,855.47 2 0
github.com/TykTechnologies/midsommar/v2/grpc/control_server.go:859.2,861.21 3 0
github.com/TykTechnologies/midsommar/v2/grpc/control_server.go:861.21,864.3 1 0
github.com/TykTechnologies/midsommar/v2/grpc/control_server.go:864.8,867.3 1 0
github.com/TykTechnologies/midsommar/v2/grpc/control_server.go:869.2,869.51 1 0
github.com/TykTechnologies/midsommar/v2/grpc/control_server.go:869.51,871.3 1 0
github.com/TykTechnologies/midsommar/v2/grpc/control_server.go:874.2,874.27 1 0
github.com/TykTechnologies/midsommar/v2/grpc/control_server.go:874.27,877.32 2 0
github.com/TykTechnologies/midsommar/v2/grpc/control_server.go:877.32,879.4 1 0
github.com/TykTechnologies/midsommar/v2/grpc/control_server.go:882.3,883.31 2 0
github.com/TykTechnologies/midsommar/v2/grpc/control_server.go:883.31,885.4 1 0
github.com/TykTechnologies/midsommar/v2/grpc/control_server.go:887.3,899.47 2 0
github.com/TykTechnologies/midsommar/v2/grpc/control_server.go:903.2,905.21 3 0
github.com/TykTechnologies/midsommar/v2/grpc/control_server.go:905.21,907.3 1 0
github.com/TykTechnologies/midsommar/v2/grpc/control_server.go:907.8,909.3 1 0
github.com/TykTechnologies/midsommar/v2/grpc/control_server.go:911.2,911.57 1 0
github.com/TykTechnologies/midsommar/v2/grpc/control_server.go:911.57,913.3 1 0
github.com/TykTechnologies/midsommar/v2/grpc/control_server.go:916.2,916.33 1 0
github.com/TykTechnologies/midsommar/v2/grpc/control_server.go:916.33,929.3 2 0
github.com/TykTechnologies/midsommar/v2/grpc/control_server.go:932.2,935.60 3 0
github.com/TykTechnologies/midsommar/v2/grpc/control_server.go:935.60,937.3 1 0
github.com/TykTechnologies/midsommar/v2/grpc/control_server.go:940.2,940.36 1 0
github.com/TykTechnologies/midsommar/v2/grpc/control_server.go:940.36,955.3 2 0
github.com/TykTechnologies/midsommar/v2/grpc/control_server.go:958.2,964.21 5 0
github.com/TykTechnologies/midsommar/v2/grpc/control_server.go:964.21,967.3 2 0
github.com/TykTechnologies/midsommar/v2/grpc/control_server.go:967.8,972.3 2 0
github.com/TykTechnologies/midsommar/v2/grpc/control_server.go:974.2,974.57 1 0
github.com/TykTechnologies/midsommar/v2/grpc/control_server.go:974.57,976.3 1 0
github.com/TykTechnologies/midsommar/v2/grpc/control_server.go:979.2,980.33 2 0
github.com/TykTechnologies/midsommar/v2/grpc/control_server.go:980.33,982.3 1 0
github.com/TykTechnologies/midsommar/v2/grpc/control_server.go:984.2,985.24 2 0
github.com/TykTechnologies/midsommar/v2/grpc/control_server.go:985.24,988.43 1 0
github.com/TykTechnologies/midsommar/v2/grpc/control_server.go:988.43,990.4 1 0
github.com/TykTechnologies/midsommar/v2/grpc/control_server.go:994.2,995.35 2 0
github.com/TykTechnologies/midsommar/v2/grpc/control_server.go:995.35,997.3 1 0
github.com/TykTechnologies/midsommar/v2/grpc/control_server.go:999.2,1005.33 2 0
github.com/TykTechnologies/midsommar/v2/grpc/control_server.go:1005.33,1011.33 3 0
github.com/TykTechnologies/midsommar/v2/grpc/control_server.go:1011.33,1013.4 1 0
github.com/TykTechnologies/midsommar/v2/grpc/control_server.go:1015.3,1024.27 3 0
github.com/TykTechnologies/midsommar/v2/grpc/control_server.go:1024.27,1025.67 1 0
github.com/TykTechnologies/midsommar/v2/grpc/control_server.go:1025.67,1027.5 1 0
github.com/TykTechnologies/midsommar/v2/grpc/control_server.go:1030.3,1045.56 2 0
github.com/TykTechnologies/midsommar/v2/grpc/control_server.go:1048.2,1057.22 2 0
github.com/TykTechnologies/midsommar/v2/grpc/control_server.go:1062.82,1063.21 1 0
github.com/TykTechnologies/midsommar/v2/grpc/control_server.go:1063.21,1065.3 1 0
github.com/TykTechnologies/midsommar/v2/grpc/control_server.go:1068.2,1069.25 2 0
github.com/TykTechnologies/midsommar/v2/grpc/control_server.go:1069.25,1071.3 1 0
github.com/TykTechnologies/midsommar/v2/grpc/control_server.go:1073.2,1073.30 1 0
github.com/TykTechnologies/midsommar/v2/grpc/control_server.go:1073.30,1075.3 1 0
github.com/TykTechnologies/midsommar/v2/grpc/control_server.go:1078.2,1079.16 2 0
github.com/TykTechnologies/midsommar/v2/grpc/control_server.go:1079.16,1081.3 1 0
github.com/TykTechnologies/midsommar/v2/grpc/control_server.go:1084.2,1085.16 2 0
github.com/TykTechnologies/midsommar/v2/grpc/control_server.go:1085.16,1087.3 1 0
github.com/TykTechnologies/midsommar/v2/grpc/control_server.go:1090.2,1091.59 2 0
github.com/TykTechnologies/midsommar/v2/grpc/control_server.go:1091.59,1093.3 1 0
github.com/TykTechnologies/midsommar/v2/grpc/control_server.go:1096.2,1099.59 2 0
github.com/TykTechnologies/midsommar/v2/grpc/control_server.go:1103.71,1106.2 2 0
github.com/TykTechnologies/midsommar/v2/grpc/control_server.go:1109.106,1114.13 4 0
github.com/TykTechnologies/midsommar/v2/grpc/control_server.go:1114.13,1116.3 1 0
github.com/TykTechnologies/midsommar/v2/grpc/control_server.go:1118.2,1118.87 1 0
github.com/TykTechnologies/midsommar/v2/grpc/control_server.go:1118.87,1120.3 1 0
github.com/TykTechnologies/midsommar/v2/grpc/control_server.go:1123.2,1123.33 1 0
github.com/TykTechnologies/midsommar/v2/grpc/control_server.go:1123.33,1128.3 4 0
github.com/TykTechnologies/midsommar/v2/grpc/control_server.go:1131.2,1137.50 2 0
github.com/TykTechnologies/midsommar/v2/grpc/control_server.go:1137.50,1142.3 4 0
github.com/TykTechnologies/midsommar/v2/grpc/control_server.go:1144.2,1149.12 2 0
github.com/TykTechnologies/midsommar/v2/grpc/control_server.go:1153.68,1158.46 4 0
github.com/TykTechnologies/midsommar/v2/grpc/control_server.go:1158.46,1160.33 1 0
github.com/TykTechnologies/midsommar/v2/grpc/control_server.go:1160.33,1174.4 4 0
github.com/TykTechnologies/midsommar/v2/grpc/control_server.go:1177.2,1181.15 2 0
github.com/TykTechnologies/midsommar/v2/grpc/control_server.go:1185.79,1186.39 1 0
github.com/TykTechnologies/midsommar/v2/grpc/control_server.go:1186.39,1188.3 1 0
github.com/TykTechnologies/midsommar/v2/grpc/control_server.go:1191.2,1192.22 2 0
github.com/TykTechnologies/midsommar/v2/grpc/control_server.go:1192.22,1194.3 1 0
github.com/TykTechnologies/midsommar/v2/grpc/control_server.go:1197.2,1201.35 4 0
github.com/TykTechnologies/midsommar/v2/grpc/control_server.go:1201.35,1207.3 2 0
github.com/TykTechnologies/midsommar/v2/grpc/control_server.go:1209.2,1209.13 1 0
github.com/TykTechnologies/midsommar/v2/grpc/control_server.go:1213.47,1215.12 2 1
github.com/TykTechnologies/midsommar/v2/grpc/control_server.go:1215.12,1216.31 1 1
github.com/TykTechnologies/midsommar/v2/grpc/control_server.go:1216.31,1218.4 1 0
github.com/TykTechnologies/midsommar/v2/grpc/control_server.go:1220.2,1220.59 1 1
github.com/TykTechnologies/midsommar/v2/grpc/control_server.go:1224.51,1229.46 4 0
github.com/TykTechnologies/midsommar/v2/grpc/control_server.go:1229.46,1230.34 1 0
github.com/TykTechnologies/midsommar/v2/grpc/control_server.go:1230.34,1243.65 6 0
github.com/TykTechnologies/midsommar/v2/grpc/control_server.go:1243.65,1245.5 1 0
github.com/TykTechnologies/midsommar/v2/grpc/control_server.go:1247.4,1247.39 1 0
github.com/TykTechnologies/midsommar/v2/grpc/control_server.go:1251.2,1251.34 1 0
github.com/TykTechnologies/midsommar/v2/grpc/control_server.go:1251.34,1253.3 1 0
github.com/TykTechnologies/midsommar/v2/grpc/control_server.go:1255.2,1255.23 1 0
github.com/TykTechnologies/midsommar/v2/grpc/control_server.go:1255.23,1257.3 1 0
